D:\solutionCloud\Solution Cloud\Cursos\REST com ASP.NET Core WebApi\Materiais\MinhaAPISemAutenticacao\src\DevIO.Api\wwwroot\app\demo-webapi\dist\out-tsc\e2e\src\app.po.js
D:\solutionCloud\Solution Cloud\Cursos\REST com ASP.NET Core WebApi\Materiais\MinhaAPISemAutenticacao\src\DevIO.Api\wwwroot\app\demo-webapi\dist\out-tsc\e2e\src\app.po.js.map
D:\solutionCloud\Solution Cloud\Cursos\REST com ASP.NET Core WebApi\Materiais\MinhaAPISemAutenticacao\src\DevIO.Api\wwwroot\app\demo-webapi\dist\out-tsc\e2e\src\app.e2e-spec.js
D:\solutionCloud\Solution Cloud\Cursos\REST com ASP.NET Core WebApi\Materiais\MinhaAPISemAutenticacao\src\DevIO.Api\wwwroot\app\demo-webapi\dist\out-tsc\e2e\src\app.e2e-spec.js.map
D:\solutionCloud\Solution Cloud\Cursos\REST com ASP.NET Core WebApi\Materiais\MinhaAPISemAutenticacao\src\DevIO.Api\wwwroot\app\demo-webapi\dist\out-tsc\src\app\produtos\models\Produto.js
D:\solutionCloud\Solution Cloud\Cursos\REST com ASP.NET Core WebApi\Materiais\MinhaAPISemAutenticacao\src\DevIO.Api\wwwroot\app\demo-webapi\dist\out-tsc\src\app\produtos\models\Produto.js.map
D:\solutionCloud\Solution Cloud\Cursos\REST com ASP.NET Core WebApi\Materiais\MinhaAPISemAutenticacao\src\DevIO.Api\wwwroot\app\demo-webapi\dist\out-tsc\src\app\produtos\models\Fornecedor.js
D:\solutionCloud\Solution Cloud\Cursos\REST com ASP.NET Core WebApi\Materiais\MinhaAPISemAutenticacao\src\DevIO.Api\wwwroot\app\demo-webapi\dist\out-tsc\src\app\produtos\models\Fornecedor.js.map
D:\solutionCloud\Solution Cloud\Cursos\REST com ASP.NET Core WebApi\Materiais\MinhaAPISemAutenticacao\src\DevIO.Api\wwwroot\app\demo-webapi\dist\out-tsc\src\app\produtos\services\produtoService.js
D:\solutionCloud\Solution Cloud\Cursos\REST com ASP.NET Core WebApi\Materiais\MinhaAPISemAutenticacao\src\DevIO.Api\wwwroot\app\demo-webapi\dist\out-tsc\src\app\produtos\services\produtoService.js.map
D:\solutionCloud\Solution Cloud\Cursos\REST com ASP.NET Core WebApi\Materiais\MinhaAPISemAutenticacao\src\DevIO.Api\wwwroot\app\demo-webapi\dist\out-tsc\src\app\produtos\cadastro\cadastro.component.js
D:\solutionCloud\Solution Cloud\Cursos\REST com ASP.NET Core WebApi\Materiais\MinhaAPISemAutenticacao\src\DevIO.Api\wwwroot\app\demo-webapi\dist\out-tsc\src\app\produtos\cadastro\cadastro.component.js.map
D:\solutionCloud\Solution Cloud\Cursos\REST com ASP.NET Core WebApi\Materiais\MinhaAPISemAutenticacao\src\DevIO.Api\wwwroot\app\demo-webapi\dist\out-tsc\src\app\produtos\lista\lista.component.js
D:\solutionCloud\Solution Cloud\Cursos\REST com ASP.NET Core WebApi\Materiais\MinhaAPISemAutenticacao\src\DevIO.Api\wwwroot\app\demo-webapi\dist\out-tsc\src\app\produtos\lista\lista.component.js.map
D:\solutionCloud\Solution Cloud\Cursos\REST com ASP.NET Core WebApi\Materiais\MinhaAPISemAutenticacao\src\DevIO.Api\wwwroot\app\demo-webapi\dist\out-tsc\src\app\app-routing.module.js
D:\solutionCloud\Solution Cloud\Cursos\REST com ASP.NET Core WebApi\Materiais\MinhaAPISemAutenticacao\src\DevIO.Api\wwwroot\app\demo-webapi\dist\out-tsc\src\app\app-routing.module.js.map
D:\solutionCloud\Solution Cloud\Cursos\REST com ASP.NET Core WebApi\Materiais\MinhaAPISemAutenticacao\src\DevIO.Api\wwwroot\app\demo-webapi\dist\out-tsc\src\app\app.component.js
D:\solutionCloud\Solution Cloud\Cursos\REST com ASP.NET Core WebApi\Materiais\MinhaAPISemAutenticacao\src\DevIO.Api\wwwroot\app\demo-webapi\dist\out-tsc\src\app\app.component.js.map
D:\solutionCloud\Solution Cloud\Cursos\REST com ASP.NET Core WebApi\Materiais\MinhaAPISemAutenticacao\src\DevIO.Api\wwwroot\app\demo-webapi\dist\out-tsc\src\app\app.module.js
D:\solutionCloud\Solution Cloud\Cursos\REST com ASP.NET Core WebApi\Materiais\MinhaAPISemAutenticacao\src\DevIO.Api\wwwroot\app\demo-webapi\dist\out-tsc\src\app\app.module.js.map
D:\solutionCloud\Solution Cloud\Cursos\REST com ASP.NET Core WebApi\Materiais\MinhaAPISemAutenticacao\src\DevIO.Api\wwwroot\app\demo-webapi\dist\out-tsc\src\environments\environment.js
D:\solutionCloud\Solution Cloud\Cursos\REST com ASP.NET Core WebApi\Materiais\MinhaAPISemAutenticacao\src\DevIO.Api\wwwroot\app\demo-webapi\dist\out-tsc\src\environments\environment.js.map
D:\solutionCloud\Solution Cloud\Cursos\REST com ASP.NET Core WebApi\Materiais\MinhaAPISemAutenticacao\src\DevIO.Api\wwwroot\app\demo-webapi\dist\out-tsc\src\main.js
D:\solutionCloud\Solution Cloud\Cursos\REST com ASP.NET Core WebApi\Materiais\MinhaAPISemAutenticacao\src\DevIO.Api\wwwroot\app\demo-webapi\dist\out-tsc\src\main.js.map
D:\solutionCloud\Solution Cloud\Cursos\REST com ASP.NET Core WebApi\Materiais\MinhaAPISemAutenticacao\src\DevIO.Api\wwwroot\app\demo-webapi\dist\out-tsc\src\polyfills.js
D:\solutionCloud\Solution Cloud\Cursos\REST com ASP.NET Core WebApi\Materiais\MinhaAPISemAutenticacao\src\DevIO.Api\wwwroot\app\demo-webapi\dist\out-tsc\src\polyfills.js.map
D:\solutionCloud\Solution Cloud\Cursos\REST com ASP.NET Core WebApi\Materiais\MinhaAPISemAutenticacao\src\DevIO.Api\wwwroot\app\demo-webapi\dist\out-tsc\src\test.js
D:\solutionCloud\Solution Cloud\Cursos\REST com ASP.NET Core WebApi\Materiais\MinhaAPISemAutenticacao\src\DevIO.Api\wwwroot\app\demo-webapi\dist\out-tsc\src\test.js.map
D:\solutionCloud\Solution Cloud\Cursos\REST com ASP.NET Core WebApi\Materiais\MinhaAPISemAutenticacao\src\DevIO.Api\wwwroot\app\demo-webapi\dist\out-tsc\src\environments\environment.prod.js
D:\solutionCloud\Solution Cloud\Cursos\REST com ASP.NET Core WebApi\Materiais\MinhaAPISemAutenticacao\src\DevIO.Api\wwwroot\app\demo-webapi\dist\out-tsc\src\environments\environment.prod.js.map
